[parser.yy (info)] Line 792: 
Production Rules
(rule precedences determined from %prec or 1st terminal between parentheses):
1: program ->  protocol_list
2: protocol_list ->  protocol
3: protocol_list ->  protocol protocol_list
4: protocol (PROTOCOL) ->  PROTOCOL NAME '(' opt_varlist ')' ':' PARTY party_list '{' #0001 statement_list '}'
5: #0001 ->  <empty>
6: party_list (NAME) ->  NAME
7: party_list (NAME) ->  NAME ',' party_list
8: opt_varlist ->  <empty>
9: opt_varlist ->  varlist
10: varlist ->  var_decl
11: varlist (',') ->  varlist ',' var_decl
12: var_decl (INTEGER) ->  INTEGER NAME
13: var_decl (FIELD) ->  FIELD NAME
14: type_decl (NAME) ->  NAME
15: declaration_statement ->  variable_declaration
16: variable_declaration (';') ->  declaration ';'
17: declaration (INTEGER) ->  INTEGER n_list
18: declaration ->  type_decl n_list
19: n_list (NAME) ->  NAME
20: n_list (',') ->  n_list ',' NAME
21: statement_list ->  <empty>
22: statement_list ->  statement_list statement
23: statement ->  assignment_statement
24: statement ->  mult_statement
25: statement ->  pvt_statement
26: statement ->  send_statement
27: statement ->  session_call
28: statement ->  tying_statement
29: statement ->  declaration_statement
30: mult_statement ('{') ->  '{' statement_list '}'
31: pvt_statement (IN) ->  IN party_id ':' '{' statement_list '}'
32: tying_statement (':') ->  party_id ':' NAME ';'
33: assignment_statement (ASSIGN) ->  variable ASSIGN arith_expression ';'
34: assignment_statement (ASSIGN) ->  variable ASSIGN random ';'
35: random (RAND) ->  RAND
36: session_call (OPEN) ->  OPEN NAME AS NAME '{' statement_list '}' ';'
37: send_statement ('.') ->  party_id '.' variable SEND party_id '.' variable ';'
38: send_statement (SEND) ->  party_id SEND party_id '.' variable ';'
39: send_statement ('.') ->  party_id '.' variable SEND party_id ';'
40: party_id (NAME) ->  NAME
41: party_id (ENV) ->  ENV
42: party_id (IDEAL) ->  IDEAL
43: arith_expression ('+') ->  operand '+' operand
44: arith_expression ('-') ->  operand '-' operand
45: arith_expression ('*') ->  operand '*' operand
46: arith_expression ('/') ->  operand '/' operand
47: arith_expression (UMINUS) ->  '-' operand
48: arith_expression ('(') ->  '(' operand ')'
49: arith_expression ->  expression_term
50: operand ->  arith_expression
51: expression_term ->  variable
52: expression_term ->  constant
53: variable (NAME) ->  NAME
54: constant (INTEGER_NUMBER) ->  INTEGER_NUMBER
55: program_$ ->  program

[parser.yy (info)] 
Symbolic Terminal tokens:
       error
       EOF
   257: INTEGER_NUMBER
   258: NAME
   259: INTEGER
   260: FIELD
   261: PROTOCOL
   262: ASSIGN
   263: PARTY
   264: SEND
   265: IDEAL
   266: ENV
   267: IN
   268: OPEN
   269: AS
   270: RAND
    43: '+'
    45: '-'
    42: '*'
    47: '/'
   271: UMINUS
    40: '('
    41: ')'
    58: ':'
   123: '{'
   125: '}'
    44: ','
    59: ';'
    46: '.'

[parser.yy (info)] 
Grammar States: 
[parser.yy (info)] State 0:
55: program_$ ->  . program 
  0:   On program to state 1
  1:   On protocol_list to state 2
  2:   On protocol to state 3
  3:   On PROTOCOL to state 4


State 1:
55: program_$ -> program  . 


State 2:
1: program -> protocol_list  . 
  Reduce by 1: program -> protocol_list  . 


State 3:
2: protocol_list -> protocol  . 
3: protocol_list -> protocol  . protocol_list 
  0:   On protocol_list to state 5
  1:   On protocol to state 3
  2:   On PROTOCOL to state 4
  Reduce by 2: protocol_list -> protocol  . 


State 4:
4: protocol -> PROTOCOL  . NAME '(' opt_varlist ')' ':' PARTY party_list '{' #0001 statement_list '}' 
  0:   On NAME to state 6


State 5:
3: protocol_list -> protocol protocol_list  . 
  Reduce by 3: protocol_list -> protocol protocol_list  . 


State 6:
4: protocol -> PROTOCOL NAME  . '(' opt_varlist ')' ':' PARTY party_list '{' #0001 statement_list '}' 
  0:   On '(' to state 7


State 7:
4: protocol -> PROTOCOL NAME '('  . opt_varlist ')' ':' PARTY party_list '{' #0001 statement_list '}' 
  0:   On opt_varlist to state 8
  1:   On varlist to state 9
  2:   On var_decl to state 10
  3:   On INTEGER to state 11
  4:   On FIELD to state 12
  Reduce by 8: opt_varlist ->  . 


State 8:
4: protocol -> PROTOCOL NAME '(' opt_varlist  . ')' ':' PARTY party_list '{' #0001 statement_list '}' 
  0:   On ')' to state 13


State 9:
9: opt_varlist -> varlist  . 
11: varlist -> varlist  . ',' var_decl 
  0:   On ',' to state 14
  Reduce by 9: opt_varlist -> varlist  . 


State 10:
10: varlist -> var_decl  . 
  Reduce by 10: varlist -> var_decl  . 


State 11:
12: var_decl -> INTEGER  . NAME 
  0:   On NAME to state 15


State 12:
13: var_decl -> FIELD  . NAME 
  0:   On NAME to state 16


State 13:
4: protocol -> PROTOCOL NAME '(' opt_varlist ')'  . ':' PARTY party_list '{' #0001 statement_list '}' 
  0:   On ':' to state 17


State 14:
11: varlist -> varlist ','  . var_decl 
  0:   On var_decl to state 18
  1:   On INTEGER to state 11
  2:   On FIELD to state 12


State 15:
12: var_decl -> INTEGER NAME  . 
  Reduce by 12: var_decl -> INTEGER NAME  . 


State 16:
13: var_decl -> FIELD NAME  . 
  Reduce by 13: var_decl -> FIELD NAME  . 


State 17:
4: protocol -> PROTOCOL NAME '(' opt_varlist ')' ':'  . PARTY party_list '{' #0001 statement_list '}' 
  0:   On PARTY to state 19


State 18:
11: varlist -> varlist ',' var_decl  . 
  Reduce by 11: varlist -> varlist ',' var_decl  . 


State 19:
4: protocol -> PROTOCOL NAME '(' opt_varlist ')' ':' PARTY  . party_list '{' #0001 statement_list '}' 
  0:   On party_list to state 20
  1:   On NAME to state 21


State 20:
4: protocol -> PROTOCOL NAME '(' opt_varlist ')' ':' PARTY party_list  . '{' #0001 statement_list '}' 
  0:   On '{' to state 22


State 21:
6: party_list -> NAME  . 
7: party_list -> NAME  . ',' party_list 
  0:   On ',' to state 23
  Reduce by 6: party_list -> NAME  . 


State 22:
4: protocol -> PROTOCOL NAME '(' opt_varlist ')' ':' PARTY party_list '{'  . #0001 statement_list '}' 
  0:   On #0001 to state 24
  Reduce by 5: #0001 ->  . 


State 23:
7: party_list -> NAME ','  . party_list 
  0:   On party_list to state 25
  1:   On NAME to state 21


State 24:
4: protocol -> PROTOCOL NAME '(' opt_varlist ')' ':' PARTY party_list '{' #0001  . statement_list '}' 
  0:   On statement_list to state 26
  Reduce by 21: statement_list ->  . 


State 25:
7: party_list -> NAME ',' party_list  . 
  Reduce by 7: party_list -> NAME ',' party_list  . 


State 26:
4: protocol -> PROTOCOL NAME '(' opt_varlist ')' ':' PARTY party_list '{' #0001 statement_list  . '}' 
22: statement_list -> statement_list  . statement 
  0:   On '}' to state 27
  1:   On statement to state 28
  2:   On assignment_statement to state 29
  3:   On mult_statement to state 30
  4:   On pvt_statement to state 31
  5:   On send_statement to state 32
  6:   On session_call to state 33
  7:   On tying_statement to state 34
  8:   On declaration_statement to state 35
  9:   On variable to state 36
  10:   On '{' to state 37
  11:   On IN to state 38
  12:   On party_id to state 39
  13:   On OPEN to state 40
  14:   On variable_declaration to state 41
  15:   On NAME to state 42
  16:   On ENV to state 43
  17:   On IDEAL to state 44
  18:   On declaration to state 45
  19:   On INTEGER to state 46
  20:   On type_decl to state 47


State 27:
4: protocol -> PROTOCOL NAME '(' opt_varlist ')' ':' PARTY party_list '{' #0001 statement_list '}'  . 
  Reduce by 4: protocol -> PROTOCOL NAME '(' opt_varlist ')' ':' PARTY party_list '{' #0001 statement_list '}'  . 


State 28:
22: statement_list -> statement_list statement  . 
  Reduce by 22: statement_list -> statement_list statement  . 


State 29:
23: statement -> assignment_statement  . 
  Reduce by 23: statement -> assignment_statement  . 


State 30:
24: statement -> mult_statement  . 
  Reduce by 24: statement -> mult_statement  . 


State 31:
25: statement -> pvt_statement  . 
  Reduce by 25: statement -> pvt_statement  . 


State 32:
26: statement -> send_statement  . 
  Reduce by 26: statement -> send_statement  . 


State 33:
27: statement -> session_call  . 
  Reduce by 27: statement -> session_call  . 


State 34:
28: statement -> tying_statement  . 
  Reduce by 28: statement -> tying_statement  . 


State 35:
29: statement -> declaration_statement  . 
  Reduce by 29: statement -> declaration_statement  . 


State 36:
33: assignment_statement -> variable  . ASSIGN arith_expression ';' 
34: assignment_statement -> variable  . ASSIGN random ';' 
  0:   On ASSIGN to state 48


State 37:
30: mult_statement -> '{'  . statement_list '}' 
  0:   On statement_list to state 49
  Reduce by 21: statement_list ->  . 


State 38:
31: pvt_statement -> IN  . party_id ':' '{' statement_list '}' 
  0:   On party_id to state 50
  1:   On NAME to state 51
  2:   On ENV to state 43
  3:   On IDEAL to state 44


State 39:
37: send_statement -> party_id  . '.' variable SEND party_id '.' variable ';' 
38: send_statement -> party_id  . SEND party_id '.' variable ';' 
39: send_statement -> party_id  . '.' variable SEND party_id ';' 
32: tying_statement -> party_id  . ':' NAME ';' 
  0:   On '.' to state 52
  1:   On SEND to state 53
  2:   On ':' to state 54


State 40:
36: session_call -> OPEN  . NAME AS NAME '{' statement_list '}' ';' 
  0:   On NAME to state 55


State 41:
15: declaration_statement -> variable_declaration  . 
  Reduce by 15: declaration_statement -> variable_declaration  . 


State 42:
53: variable -> NAME  . 
40: party_id -> NAME  . 
14: type_decl -> NAME  . 
  Reduce by 53: variable -> NAME  . 
  Reduce by 40: party_id -> NAME  . 
  Reduce by 14: type_decl -> NAME  . 


State 43:
41: party_id -> ENV  . 
  Reduce by 41: party_id -> ENV  . 


State 44:
42: party_id -> IDEAL  . 
  Reduce by 42: party_id -> IDEAL  . 


State 45:
16: variable_declaration -> declaration  . ';' 
  0:   On ';' to state 56


State 46:
17: declaration -> INTEGER  . n_list 
  0:   On n_list to state 57
  1:   On NAME to state 58


State 47:
18: declaration -> type_decl  . n_list 
  0:   On n_list to state 59
  1:   On NAME to state 58


State 48:
33: assignment_statement -> variable ASSIGN  . arith_expression ';' 
34: assignment_statement -> variable ASSIGN  . random ';' 
  0:   On arith_expression to state 60
  1:   On random to state 61
  2:   On operand to state 62
  3:   On '-' to state 63
  4:   On '(' to state 64
  5:   On expression_term to state 65
  6:   On RAND to state 66
  7:   On variable to state 67
  8:   On constant to state 68
  9:   On NAME to state 69
  10:   On INTEGER_NUMBER to state 70


State 49:
30: mult_statement -> '{' statement_list  . '}' 
22: statement_list -> statement_list  . statement 
  0:   On '}' to state 71
  1:   On statement to state 28
  2:   On assignment_statement to state 29
  3:   On mult_statement to state 30
  4:   On pvt_statement to state 31
  5:   On send_statement to state 32
  6:   On session_call to state 33
  7:   On tying_statement to state 34
  8:   On declaration_statement to state 35
  9:   On variable to state 36
  10:   On '{' to state 37
  11:   On IN to state 38
  12:   On party_id to state 39
  13:   On OPEN to state 40
  14:   On variable_declaration to state 41
  15:   On NAME to state 42
  16:   On ENV to state 43
  17:   On IDEAL to state 44
  18:   On declaration to state 45
  19:   On INTEGER to state 46
  20:   On type_decl to state 47


State 50:
31: pvt_statement -> IN party_id  . ':' '{' statement_list '}' 
  0:   On ':' to state 72


State 51:
40: party_id -> NAME  . 
  Reduce by 40: party_id -> NAME  . 


State 52:
37: send_statement -> party_id '.'  . variable SEND party_id '.' variable ';' 
39: send_statement -> party_id '.'  . variable SEND party_id ';' 
  0:   On variable to state 73
  1:   On NAME to state 69


State 53:
38: send_statement -> party_id SEND  . party_id '.' variable ';' 
  0:   On party_id to state 74
  1:   On NAME to state 51
  2:   On ENV to state 43
  3:   On IDEAL to state 44


State 54:
32: tying_statement -> party_id ':'  . NAME ';' 
  0:   On NAME to state 75


State 55:
36: session_call -> OPEN NAME  . AS NAME '{' statement_list '}' ';' 
  0:   On AS to state 76


State 56:
16: variable_declaration -> declaration ';'  . 
  Reduce by 16: variable_declaration -> declaration ';'  . 


State 57:
17: declaration -> INTEGER n_list  . 
20: n_list -> n_list  . ',' NAME 
  0:   On ',' to state 77
  Reduce by 17: declaration -> INTEGER n_list  . 


State 58:
19: n_list -> NAME  . 
  Reduce by 19: n_list -> NAME  . 


State 59:
18: declaration -> type_decl n_list  . 
20: n_list -> n_list  . ',' NAME 
  0:   On ',' to state 77
  Reduce by 18: declaration -> type_decl n_list  . 


State 60:
33: assignment_statement -> variable ASSIGN arith_expression  . ';' 
50: operand -> arith_expression  . 
  0:   On ';' to state 78
  Reduce by 50: operand -> arith_expression  . 


State 61:
34: assignment_statement -> variable ASSIGN random  . ';' 
  0:   On ';' to state 79


State 62:
43: arith_expression -> operand  . '+' operand 
44: arith_expression -> operand  . '-' operand 
45: arith_expression -> operand  . '*' operand 
46: arith_expression -> operand  . '/' operand 
  0:   On '+' to state 80
  1:   On '-' to state 81
  2:   On '*' to state 82
  3:   On '/' to state 83


State 63:
47: arith_expression -> '-'  . operand 
  0:   On operand to state 84
  1:   On arith_expression to state 85
  2:   On '-' to state 63
  3:   On '(' to state 64
  4:   On expression_term to state 65
  5:   On variable to state 67
  6:   On constant to state 68
  7:   On NAME to state 69
  8:   On INTEGER_NUMBER to state 70


State 64:
48: arith_expression -> '('  . operand ')' 
  0:   On operand to state 86
  1:   On arith_expression to state 85
  2:   On '-' to state 63
  3:   On '(' to state 64
  4:   On expression_term to state 65
  5:   On variable to state 67
  6:   On constant to state 68
  7:   On NAME to state 69
  8:   On INTEGER_NUMBER to state 70


State 65:
49: arith_expression -> expression_term  . 
  Reduce by 49: arith_expression -> expression_term  . 


State 66:
35: random -> RAND  . 
  Reduce by 35: random -> RAND  . 


State 67:
51: expression_term -> variable  . 
  Reduce by 51: expression_term -> variable  . 


State 68:
52: expression_term -> constant  . 
  Reduce by 52: expression_term -> constant  . 


State 69:
53: variable -> NAME  . 
  Reduce by 53: variable -> NAME  . 


State 70:
54: constant -> INTEGER_NUMBER  . 
  Reduce by 54: constant -> INTEGER_NUMBER  . 


State 71:
30: mult_statement -> '{' statement_list '}'  . 
  Reduce by 30: mult_statement -> '{' statement_list '}'  . 


State 72:
31: pvt_statement -> IN party_id ':'  . '{' statement_list '}' 
  0:   On '{' to state 87


State 73:
37: send_statement -> party_id '.' variable  . SEND party_id '.' variable ';' 
39: send_statement -> party_id '.' variable  . SEND party_id ';' 
  0:   On SEND to state 88


State 74:
38: send_statement -> party_id SEND party_id  . '.' variable ';' 
  0:   On '.' to state 89


State 75:
32: tying_statement -> party_id ':' NAME  . ';' 
  0:   On ';' to state 90


State 76:
36: session_call -> OPEN NAME AS  . NAME '{' statement_list '}' ';' 
  0:   On NAME to state 91


State 77:
20: n_list -> n_list ','  . NAME 
  0:   On NAME to state 92


State 78:
33: assignment_statement -> variable ASSIGN arith_expression ';'  . 
  Reduce by 33: assignment_statement -> variable ASSIGN arith_expression ';'  . 


State 79:
34: assignment_statement -> variable ASSIGN random ';'  . 
  Reduce by 34: assignment_statement -> variable ASSIGN random ';'  . 


State 80:
43: arith_expression -> operand '+'  . operand 
  0:   On operand to state 93
  1:   On arith_expression to state 85
  2:   On '-' to state 63
  3:   On '(' to state 64
  4:   On expression_term to state 65
  5:   On variable to state 67
  6:   On constant to state 68
  7:   On NAME to state 69
  8:   On INTEGER_NUMBER to state 70


State 81:
44: arith_expression -> operand '-'  . operand 
  0:   On operand to state 94
  1:   On arith_expression to state 85
  2:   On '-' to state 63
  3:   On '(' to state 64
  4:   On expression_term to state 65
  5:   On variable to state 67
  6:   On constant to state 68
  7:   On NAME to state 69
  8:   On INTEGER_NUMBER to state 70


State 82:
45: arith_expression -> operand '*'  . operand 
  0:   On operand to state 95
  1:   On arith_expression to state 85
  2:   On '-' to state 63
  3:   On '(' to state 64
  4:   On expression_term to state 65
  5:   On variable to state 67
  6:   On constant to state 68
  7:   On NAME to state 69
  8:   On INTEGER_NUMBER to state 70


State 83:
46: arith_expression -> operand '/'  . operand 
  0:   On operand to state 96
  1:   On arith_expression to state 85
  2:   On '-' to state 63
  3:   On '(' to state 64
  4:   On expression_term to state 65
  5:   On variable to state 67
  6:   On constant to state 68
  7:   On NAME to state 69
  8:   On INTEGER_NUMBER to state 70


State 84:
47: arith_expression -> '-' operand  . 
43: arith_expression -> operand  . '+' operand 
44: arith_expression -> operand  . '-' operand 
45: arith_expression -> operand  . '*' operand 
46: arith_expression -> operand  . '/' operand 
  0 (removed by precedence):   On '+' to state 80
  1 (removed by precedence):   On '-' to state 81
  2 (removed by precedence):   On '*' to state 82
  3 (removed by precedence):   On '/' to state 83
  Reduce by 47: arith_expression -> '-' operand  . 


State 85:
50: operand -> arith_expression  . 
  Reduce by 50: operand -> arith_expression  . 


State 86:
48: arith_expression -> '(' operand  . ')' 
43: arith_expression -> operand  . '+' operand 
44: arith_expression -> operand  . '-' operand 
45: arith_expression -> operand  . '*' operand 
46: arith_expression -> operand  . '/' operand 
  0:   On ')' to state 97
  1:   On '+' to state 80
  2:   On '-' to state 81
  3:   On '*' to state 82
  4:   On '/' to state 83


State 87:
31: pvt_statement -> IN party_id ':' '{'  . statement_list '}' 
  0:   On statement_list to state 98
  Reduce by 21: statement_list ->  . 


State 88:
37: send_statement -> party_id '.' variable SEND  . party_id '.' variable ';' 
39: send_statement -> party_id '.' variable SEND  . party_id ';' 
  0:   On party_id to state 99
  1:   On NAME to state 51
  2:   On ENV to state 43
  3:   On IDEAL to state 44


State 89:
38: send_statement -> party_id SEND party_id '.'  . variable ';' 
  0:   On variable to state 100
  1:   On NAME to state 69


State 90:
32: tying_statement -> party_id ':' NAME ';'  . 
  Reduce by 32: tying_statement -> party_id ':' NAME ';'  . 


State 91:
36: session_call -> OPEN NAME AS NAME  . '{' statement_list '}' ';' 
  0:   On '{' to state 101


State 92:
20: n_list -> n_list ',' NAME  . 
  Reduce by 20: n_list -> n_list ',' NAME  . 


State 93:
43: arith_expression -> operand '+' operand  . 
43: arith_expression -> operand  . '+' operand 
44: arith_expression -> operand  . '-' operand 
45: arith_expression -> operand  . '*' operand 
46: arith_expression -> operand  . '/' operand 
  0 (removed by precedence):   On '+' to state 80
  1 (removed by precedence):   On '-' to state 81
  2:   On '*' to state 82
  3:   On '/' to state 83
  Reduce by 43: arith_expression -> operand '+' operand  . 


State 94:
44: arith_expression -> operand '-' operand  . 
43: arith_expression -> operand  . '+' operand 
44: arith_expression -> operand  . '-' operand 
45: arith_expression -> operand  . '*' operand 
46: arith_expression -> operand  . '/' operand 
  0 (removed by precedence):   On '+' to state 80
  1 (removed by precedence):   On '-' to state 81
  2:   On '*' to state 82
  3:   On '/' to state 83
  Reduce by 44: arith_expression -> operand '-' operand  . 


State 95:
45: arith_expression -> operand '*' operand  . 
43: arith_expression -> operand  . '+' operand 
44: arith_expression -> operand  . '-' operand 
45: arith_expression -> operand  . '*' operand 
46: arith_expression -> operand  . '/' operand 
  0 (removed by precedence):   On '+' to state 80
  1 (removed by precedence):   On '-' to state 81
  2 (removed by precedence):   On '*' to state 82
  3 (removed by precedence):   On '/' to state 83
  Reduce by 45: arith_expression -> operand '*' operand  . 


State 96:
46: arith_expression -> operand '/' operand  . 
43: arith_expression -> operand  . '+' operand 
44: arith_expression -> operand  . '-' operand 
45: arith_expression -> operand  . '*' operand 
46: arith_expression -> operand  . '/' operand 
  0 (removed by precedence):   On '+' to state 80
  1 (removed by precedence):   On '-' to state 81
  2 (removed by precedence):   On '*' to state 82
  3 (removed by precedence):   On '/' to state 83
  Reduce by 46: arith_expression -> operand '/' operand  . 


State 97:
48: arith_expression -> '(' operand ')'  . 
  Reduce by 48: arith_expression -> '(' operand ')'  . 


State 98:
31: pvt_statement -> IN party_id ':' '{' statement_list  . '}' 
22: statement_list -> statement_list  . statement 
  0:   On '}' to state 102
  1:   On statement to state 28
  2:   On assignment_statement to state 29
  3:   On mult_statement to state 30
  4:   On pvt_statement to state 31
  5:   On send_statement to state 32
  6:   On session_call to state 33
  7:   On tying_statement to state 34
  8:   On declaration_statement to state 35
  9:   On variable to state 36
  10:   On '{' to state 37
  11:   On IN to state 38
  12:   On party_id to state 39
  13:   On OPEN to state 40
  14:   On variable_declaration to state 41
  15:   On NAME to state 42
  16:   On ENV to state 43
  17:   On IDEAL to state 44
  18:   On declaration to state 45
  19:   On INTEGER to state 46
  20:   On type_decl to state 47


State 99:
37: send_statement -> party_id '.' variable SEND party_id  . '.' variable ';' 
39: send_statement -> party_id '.' variable SEND party_id  . ';' 
  0:   On '.' to state 103
  1:   On ';' to state 104


State 100:
38: send_statement -> party_id SEND party_id '.' variable  . ';' 
  0:   On ';' to state 105


State 101:
36: session_call -> OPEN NAME AS NAME '{'  . statement_list '}' ';' 
  0:   On statement_list to state 106
  Reduce by 21: statement_list ->  . 


State 102:
31: pvt_statement -> IN party_id ':' '{' statement_list '}'  . 
  Reduce by 31: pvt_statement -> IN party_id ':' '{' statement_list '}'  . 


State 103:
37: send_statement -> party_id '.' variable SEND party_id '.'  . variable ';' 
  0:   On variable to state 107
  1:   On NAME to state 69


State 104:
39: send_statement -> party_id '.' variable SEND party_id ';'  . 
  Reduce by 39: send_statement -> party_id '.' variable SEND party_id ';'  . 


State 105:
38: send_statement -> party_id SEND party_id '.' variable ';'  . 
  Reduce by 38: send_statement -> party_id SEND party_id '.' variable ';'  . 


State 106:
36: session_call -> OPEN NAME AS NAME '{' statement_list  . '}' ';' 
22: statement_list -> statement_list  . statement 
  0:   On '}' to state 108
  1:   On statement to state 28
  2:   On assignment_statement to state 29
  3:   On mult_statement to state 30
  4:   On pvt_statement to state 31
  5:   On send_statement to state 32
  6:   On session_call to state 33
  7:   On tying_statement to state 34
  8:   On declaration_statement to state 35
  9:   On variable to state 36
  10:   On '{' to state 37
  11:   On IN to state 38
  12:   On party_id to state 39
  13:   On OPEN to state 40
  14:   On variable_declaration to state 41
  15:   On NAME to state 42
  16:   On ENV to state 43
  17:   On IDEAL to state 44
  18:   On declaration to state 45
  19:   On INTEGER to state 46
  20:   On type_decl to state 47


State 107:
37: send_statement -> party_id '.' variable SEND party_id '.' variable  . ';' 
  0:   On ';' to state 109


State 108:
36: session_call -> OPEN NAME AS NAME '{' statement_list '}'  . ';' 
  0:   On ';' to state 110


State 109:
37: send_statement -> party_id '.' variable SEND party_id '.' variable ';'  . 
  Reduce by 37: send_statement -> party_id '.' variable SEND party_id '.' variable ';'  . 


State 110:
36: session_call -> OPEN NAME AS NAME '{' statement_list '}' ';'  . 
  Reduce by 36: session_call -> OPEN NAME AS NAME '{' statement_list '}' ';'  . 



